Using pre-set license
Built from '2022.3/release' branch; Version is '2022.3.20f1 (61c2feb0970d) revision 6406910'; Using compiler version '192829333'; Build Type 'Release'
OS: 'Windows 10  (10.0.19045) 64bit Education' Language: 'ru' Physical Memory: 16190 MB
BatchMode: 1, IsHumanControllingUs: 0, StartBugReporterOnCrash: 0, Is64bit: 1, IsPro: 1

COMMAND LINE ARGUMENTS:
C:\Program Files\Unity\Hub\Editor\2022.3.20f1\Editor\Unity.exe
-adb2
-batchMode
-noUpm
-name
AssetImportWorker0
-projectPath
D:/SkillBox/GameBox/PrehistoricExplorer/Prehistoric Explorer
-logFile
Logs/AssetImportWorker0.log
-srvPort
11863
Successfully changed project path to: D:/SkillBox/GameBox/PrehistoricExplorer/Prehistoric Explorer
D:/SkillBox/GameBox/PrehistoricExplorer/Prehistoric Explorer
[UnityMemory] Configuration Parameters - Can be set up in boot.config
    "memorysetup-bucket-allocator-granularity=16"
    "memorysetup-bucket-allocator-bucket-count=8"
    "memorysetup-bucket-allocator-block-size=33554432"
    "memorysetup-bucket-allocator-block-count=8"
    "memorysetup-main-allocator-block-size=16777216"
    "memorysetup-thread-allocator-block-size=16777216"
    "memorysetup-gfx-main-allocator-block-size=16777216"
    "memorysetup-gfx-thread-allocator-block-size=16777216"
    "memorysetup-cache-allocator-block-size=4194304"
    "memorysetup-typetree-allocator-block-size=2097152"
    "memorysetup-profiler-bucket-allocator-granularity=16"
    "memorysetup-profiler-bucket-allocator-bucket-count=8"
    "memorysetup-profiler-bucket-allocator-block-size=33554432"
    "memorysetup-profiler-bucket-allocator-block-count=8"
    "memorysetup-profiler-allocator-block-size=16777216"
    "memorysetup-profiler-editor-allocator-block-size=1048576"
    "memorysetup-temp-allocator-size-main=16777216"
    "memorysetup-job-temp-allocator-block-size=2097152"
    "memorysetup-job-temp-allocator-block-size-background=1048576"
    "memorysetup-job-temp-allocator-reduction-small-platforms=262144"
    "memorysetup-allocator-temp-initial-block-size-main=262144"
    "memorysetup-allocator-temp-initial-block-size-worker=262144"
    "memorysetup-temp-allocator-size-background-worker=32768"
    "memorysetup-temp-allocator-size-job-worker=262144"
    "memorysetup-temp-allocator-size-preload-manager=33554432"
    "memorysetup-temp-allocator-size-nav-mesh-worker=65536"
    "memorysetup-temp-allocator-size-audio-worker=65536"
    "memorysetup-temp-allocator-size-cloud-worker=32768"
    "memorysetup-temp-allocator-size-gi-baking-worker=262144"
    "memorysetup-temp-allocator-size-gfx=262144"
Player connection [9816] Host "[IP] 192.168.0.105 [Port] 0 [Flags] 2 [Guid] 931635908 [EditorId] 931635908 [Version] 1048832 [Id] WindowsEditor(7,DESKTOP-PPUF3F5) [Debug] 1 [PackageName] WindowsEditor [ProjectName] Editor" joined multi-casting on [225.0.0.222:54997]...

Player connection [9816] Host "[IP] 192.168.0.105 [Port] 0 [Flags] 2 [Guid] 931635908 [EditorId] 931635908 [Version] 1048832 [Id] WindowsEditor(7,DESKTOP-PPUF3F5) [Debug] 1 [PackageName] WindowsEditor [ProjectName] Editor" joined alternative multi-casting on [225.0.0.222:34997]...

[Physics::Module] Initialized MultithreadedJobDispatcher with 7 workers.
Refreshing native plugins compatible for Editor in 289.08 ms, found 3 plugins.
Preloading 0 native plugins for Editor in 0.00 ms.
Initialize engine version: 2022.3.20f1 (61c2feb0970d)
[Subsystems] Discovering subsystems at path C:/Program Files/Unity/Hub/Editor/2022.3.20f1/Editor/Data/Resources/UnitySubsystems
[Subsystems] Discovering subsystems at path D:/SkillBox/GameBox/PrehistoricExplorer/Prehistoric Explorer/Assets
GfxDevice: creating device client; threaded=0; jobified=0
Direct3D:
    Version:  Direct3D 11.0 [level 11.1]
    Renderer: NVIDIA GeForce GTX 1050 (ID=0x1c8d)
    Vendor:   NVIDIA
    VRAM:     1962 MB
Initialize mono
Mono path[0] = 'C:/Program Files/Unity/Hub/Editor/2022.3.20f1/Editor/Data/Managed'
Mono path[1] = 'C:/Program Files/Unity/Hub/Editor/2022.3.20f1/Editor/Data/MonoBleedingEdge/lib/mono/unityjit-win32'
Mono config path = 'C:/Program Files/Unity/Hub/Editor/2022.3.20f1/Editor/Data/MonoBleedingEdge/etc'
Using monoOptions --debugger-agent=transport=dt_socket,embedding=1,server=y,suspend=n,address=127.0.0.1:56972
Begin MonoManager ReloadAssembly
Registering precompiled unity dll's ...
Register platform support module: C:/Program Files/Unity/Hub/Editor/2022.3.20f1/Editor/Data/PlaybackEngines/WebGLSupport/UnityEditor.WebGL.Extensions.dll
Register platform support module: C:/Program Files/Unity/Hub/Editor/2022.3.20f1/Editor/Data/PlaybackEngines/AndroidPlayer/UnityEditor.Android.Extensions.dll
Register platform support module: C:/Program Files/Unity/Hub/Editor/2022.3.20f1/Editor/Data/PlaybackEngines/WindowsStandaloneSupport/UnityEditor.WindowsStandalone.Extensions.dll
Register platform support module: C:/Program Files/Unity/Hub/Editor/2022.3.20f1/Editor/Data/PlaybackEngines/MetroSupport/UnityEditor.UWP.Extensions.dll
Registered in 0.027129 seconds.
- Loaded All Assemblies, in  2.452 seconds
Native extension for UWP target not found
Native extension for WindowsStandalone target not found
Native extension for Android target not found
Android Extension - Scanning For ADB Devices 607 ms
Native extension for WebGL target not found
Mono: successfully reloaded assembly
- Finished resetting the current domain, in  1.099 seconds
Domain Reload Profiling: 3548ms
	BeginReloadAssembly (193ms)
		ExecutionOrderSort (0ms)
		DisableScriptedObjects (0ms)
		BackupInstance (0ms)
		ReleaseScriptingObjects (0ms)
		CreateAndSetChildDomain (1ms)
	RebuildCommonClasses (463ms)
	RebuildNativeTypeToScriptingClass (22ms)
	initialDomainReloadingComplete (124ms)
	LoadAllAssembliesAndSetupDomain (1647ms)
		LoadAssemblies (192ms)
		RebuildTransferFunctionScriptingTraits (0ms)
		AnalyzeDomain (1641ms)
			TypeCache.Refresh (1639ms)
				TypeCache.ScanAssembly (1247ms)
			ScanForSourceGeneratedMonoScriptInfo (1ms)
			ResolveRequiredComponents (1ms)
	FinalizeReload (1100ms)
		ReleaseScriptCaches (0ms)
		RebuildScriptCaches (0ms)
		SetupLoadedEditorAssemblies (1019ms)
			LogAssemblyErrors (0ms)
			InitializePlatformSupportModulesInManaged (760ms)
			SetLoadedEditorAssemblies (6ms)
			RefreshPlugins (0ms)
			BeforeProcessingInitializeOnLoad (4ms)
			ProcessInitializeOnLoadAttributes (175ms)
			ProcessInitializeOnLoadMethodAttributes (75ms)
			AfterProcessingInitializeOnLoad (0ms)
			EditorAssembliesLoaded (0ms)
		ExecutionOrderSort2 (0ms)
		AwakeInstancesAfterBackupRestoration (0ms)
========================================================================
Worker process is ready to serve import requests
Begin MonoManager ReloadAssembly
- Loaded All Assemblies, in  2.722 seconds
Refreshing native plugins compatible for Editor in 3.77 ms, found 3 plugins.
Native extension for UWP target not found
Native extension for WindowsStandalone target not found
Native extension for Android target not found
Native extension for WebGL target not found
Mono: successfully reloaded assembly
- Finished resetting the current domain, in  1.305 seconds
Domain Reload Profiling: 4022ms
	BeginReloadAssembly (387ms)
		ExecutionOrderSort (0ms)
		DisableScriptedObjects (12ms)
		BackupInstance (0ms)
		ReleaseScriptingObjects (0ms)
		CreateAndSetChildDomain (43ms)
	RebuildCommonClasses (46ms)
	RebuildNativeTypeToScriptingClass (15ms)
	initialDomainReloadingComplete (59ms)
	LoadAllAssembliesAndSetupDomain (2210ms)
		LoadAssemblies (2065ms)
		RebuildTransferFunctionScriptingTraits (0ms)
		AnalyzeDomain (407ms)
			TypeCache.Refresh (371ms)
				TypeCache.ScanAssembly (295ms)
			ScanForSourceGeneratedMonoScriptInfo (26ms)
			ResolveRequiredComponents (8ms)
	FinalizeReload (1305ms)
		ReleaseScriptCaches (0ms)
		RebuildScriptCaches (0ms)
		SetupLoadedEditorAssemblies (1025ms)
			LogAssemblyErrors (0ms)
			InitializePlatformSupportModulesInManaged (40ms)
			SetLoadedEditorAssemblies (8ms)
			RefreshPlugins (0ms)
			BeforeProcessingInitializeOnLoad (129ms)
			ProcessInitializeOnLoadAttributes (778ms)
			ProcessInitializeOnLoadMethodAttributes (60ms)
			AfterProcessingInitializeOnLoad (10ms)
			EditorAssembliesLoaded (0ms)
		ExecutionOrderSort2 (0ms)
		AwakeInstancesAfterBackupRestoration (7ms)
Launched and connected shader compiler UnityShaderCompiler.exe after 0.11 seconds
Refreshing native plugins compatible for Editor in 6.13 ms, found 3 plugins.
Preloading 0 native plugins for Editor in 0.00 ms.
Unloading 2707 Unused Serialized files (Serialized files now loaded: 0)
Unloading 72 unused Assets / (314.3 KB). Loaded Objects now: 3171.
Memory consumption went from 124.4 MB to 124.1 MB.
Total: 3.973400 ms (FindLiveObjects: 0.244300 ms CreateObjectMapping: 0.195200 ms MarkObjects: 3.278400 ms  DeleteObjects: 0.254600 ms)

AssetImportParameters requested are different than current active one (requested -> active):
  custom:video-decoder-webm-vp8: 9c59270c3fd7afecdb556c50c9e8de78 -> 
  custom:SearchIndexIgnoredProperties: e643bd26f0fe6173181afceb89e7c659 -> 
  custom:container-demuxer-ogg: 62fdf1f143b41e24485cea50d1cbac27 -> 
  custom:AudioImporter_EditorPlatform: d09bf68614088b80899f8185d706f6e7 -> 
  custom:video-decoder-ogg-theora: a1e56fd34408186e4bbccfd4996cb3dc -> 
  custom:framework-win-MediaFoundation: 216162199b28c13a410421893ffa2e32 -> 
  custom:video-encoder-webm-vp8: eb34c28f22e8b96e1ab97ce403110664 -> 
  custom:audio-decoder-ogg-vorbis: bf7c407c2cedff20999df2af8eb42d56 -> 
  custom:CustomObjectIndexerAttribute: 6d391050e5a25f67b0a2c618074f2cd9 -> 
  custom:container-demuxer-webm: 4f35f7cbe854078d1ac9338744f61a02 -> 
  custom:audio-encoder-webm-vorbis: bf7c407c2cedff20999df2af8eb42d56 -> 
  custom:container-muxer-webm: aa71ff27fc2769a1b78a27578f13a17b -> 
========================================================================
Received Import Request.
  Time since last request: 758398.841048 seconds.
  path: Assets/Character/Script/PlayerController.cs
  artifactKey: Guid(ed21a65f3bdc2e34d8f3a78b4b21a00f) Importer(815301076,1909f56bfc062723c751e8b465ee728b)
Start importing Assets/Character/Script/PlayerController.cs using Guid(ed21a65f3bdc2e34d8f3a78b4b21a00f) Importer(815301076,1909f56bfc062723c751e8b465ee728b)  -> (artifact id: '1d7375a8516f6b4c2c46a52eb8d9ae43') in 0.003099 seconds
Number of updated asset objects reloaded before import = 0
Number of asset objects unloaded after import = 0
========================================================================
Received Import Request.
  Time since last request: 0.000034 seconds.
  path: Assets/Character/Char1/Char1.prefab
  artifactKey: Guid(d834fad4d81b4e94d9b00db93add23b6) Importer(815301076,1909f56bfc062723c751e8b465ee728b)
Start importing Assets/Character/Char1/Char1.prefab using Guid(d834fad4d81b4e94d9b00db93add23b6) Importer(815301076,1909f56bfc062723c751e8b465ee728b) Refreshing native plugins compatible for Editor in 4.92 ms, found 3 plugins.
Preloading 0 native plugins for Editor in 0.00 ms.
 -> (artifact id: '3b37e8d0f14b44baeec445951695ccb7') in 0.117605 seconds
Number of updated asset objects reloaded before import = 0
Number of asset objects unloaded after import = 43
========================================================================
Received Import Request.
  Time since last request: 0.000056 seconds.
  path: Assets/Character/Script/PlayerInputs.cs
  artifactKey: Guid(e3db688d59e2e8e44808c9b330e3937a) Importer(815301076,1909f56bfc062723c751e8b465ee728b)
Start importing Assets/Character/Script/PlayerInputs.cs using Guid(e3db688d59e2e8e44808c9b330e3937a) Importer(815301076,1909f56bfc062723c751e8b465ee728b)  -> (artifact id: 'b4feefcf7edd45b061c9037d165261a0') in 0.000825 seconds
Number of updated asset objects reloaded before import = 0
Number of asset objects unloaded after import = 0
========================================================================
Received Import Request.
  Time since last request: 341.456906 seconds.
  path: Assets/Character/Char1/Char1.prefab
  artifactKey: Guid(d834fad4d81b4e94d9b00db93add23b6) Importer(815301076,1909f56bfc062723c751e8b465ee728b)
Start importing Assets/Character/Char1/Char1.prefab using Guid(d834fad4d81b4e94d9b00db93add23b6) Importer(815301076,1909f56bfc062723c751e8b465ee728b) Refreshing native plugins compatible for Editor in 10.83 ms, found 3 plugins.
Preloading 0 native plugins for Editor in 0.00 ms.
 -> (artifact id: 'b26e91d119a0e0ecf14b9a2b864e66fb') in 0.482387 seconds
Number of updated asset objects reloaded before import = 0
Number of asset objects unloaded after import = 43
========================================================================
Received Prepare
Begin MonoManager ReloadAssembly
- Loaded All Assemblies, in  0.635 seconds
Refreshing native plugins compatible for Editor in 3.98 ms, found 3 plugins.
Native extension for UWP target not found
Native extension for WindowsStandalone target not found
Native extension for Android target not found
Native extension for WebGL target not found
Mono: successfully reloaded assembly
- Finished resetting the current domain, in  2.334 seconds
Domain Reload Profiling: 2967ms
	BeginReloadAssembly (223ms)
		ExecutionOrderSort (0ms)
		DisableScriptedObjects (23ms)
		BackupInstance (0ms)
		ReleaseScriptingObjects (0ms)
		CreateAndSetChildDomain (51ms)
	RebuildCommonClasses (46ms)
	RebuildNativeTypeToScriptingClass (17ms)
	initialDomainReloadingComplete (44ms)
	LoadAllAssembliesAndSetupDomain (300ms)
		LoadAssemblies (376ms)
		RebuildTransferFunctionScriptingTraits (0ms)
		AnalyzeDomain (34ms)
			TypeCache.Refresh (12ms)
				TypeCache.ScanAssembly (1ms)
			ScanForSourceGeneratedMonoScriptInfo (15ms)
			ResolveRequiredComponents (6ms)
	FinalizeReload (2336ms)
		ReleaseScriptCaches (0ms)
		RebuildScriptCaches (0ms)
		SetupLoadedEditorAssemblies (1698ms)
			LogAssemblyErrors (0ms)
			InitializePlatformSupportModulesInManaged (42ms)
			SetLoadedEditorAssemblies (9ms)
			RefreshPlugins (0ms)
			BeforeProcessingInitializeOnLoad (118ms)
			ProcessInitializeOnLoadAttributes (1381ms)
			ProcessInitializeOnLoadMethodAttributes (102ms)
			AfterProcessingInitializeOnLoad (46ms)
			EditorAssembliesLoaded (1ms)
		ExecutionOrderSort2 (0ms)
		AwakeInstancesAfterBackupRestoration (50ms)
Refreshing native plugins compatible for Editor in 6.33 ms, found 3 plugins.
Preloading 0 native plugins for Editor in 0.00 ms.
Unloading 2686 Unused Serialized files (Serialized files now loaded: 0)
Unloading 35 unused Assets / (285.6 KB). Loaded Objects now: 3195.
Memory consumption went from 120.6 MB to 120.3 MB.
Total: 42.295200 ms (FindLiveObjects: 0.404900 ms CreateObjectMapping: 1.661400 ms MarkObjects: 39.903900 ms  DeleteObjects: 0.323600 ms)

Prepare: number of updated asset objects reloaded= 0
AssetImportParameters requested are different than current active one (requested -> active):
  custom:video-decoder-webm-vp8: 9c59270c3fd7afecdb556c50c9e8de78 -> 
  custom:SearchIndexIgnoredProperties: e643bd26f0fe6173181afceb89e7c659 -> 
  custom:container-demuxer-ogg: 62fdf1f143b41e24485cea50d1cbac27 -> 
  custom:AudioImporter_EditorPlatform: d09bf68614088b80899f8185d706f6e7 -> 
  custom:video-decoder-ogg-theora: a1e56fd34408186e4bbccfd4996cb3dc -> 
  custom:framework-win-MediaFoundation: 216162199b28c13a410421893ffa2e32 -> 
  custom:video-encoder-webm-vp8: eb34c28f22e8b96e1ab97ce403110664 -> 
  custom:audio-decoder-ogg-vorbis: bf7c407c2cedff20999df2af8eb42d56 -> 
  custom:CustomObjectIndexerAttribute: 6d391050e5a25f67b0a2c618074f2cd9 -> 
  custom:container-demuxer-webm: 4f35f7cbe854078d1ac9338744f61a02 -> 
  custom:audio-encoder-webm-vorbis: bf7c407c2cedff20999df2af8eb42d56 -> 
  custom:container-muxer-webm: aa71ff27fc2769a1b78a27578f13a17b -> 
========================================================================
Received Import Request.
  Time since last request: 15.532981 seconds.
  path: Assets/Character/Char1/Char1.prefab
  artifactKey: Guid(d834fad4d81b4e94d9b00db93add23b6) Importer(815301076,1909f56bfc062723c751e8b465ee728b)
Start importing Assets/Character/Char1/Char1.prefab using Guid(d834fad4d81b4e94d9b00db93add23b6) Importer(815301076,1909f56bfc062723c751e8b465ee728b) Refreshing native plugins compatible for Editor in 6.17 ms, found 3 plugins.
Preloading 0 native plugins for Editor in 0.00 ms.
 -> (artifact id: '4604d7958dc0971a0d597be97dc9254d') in 0.142163 seconds
Number of updated asset objects reloaded before import = 0
Number of asset objects unloaded after import = 43
========================================================================
Received Import Request.
  Time since last request: 13.808719 seconds.
  path: Assets/Character/Char1/Char1.prefab
  artifactKey: Guid(d834fad4d81b4e94d9b00db93add23b6) Importer(815301076,1909f56bfc062723c751e8b465ee728b)
Start importing Assets/Character/Char1/Char1.prefab using Guid(d834fad4d81b4e94d9b00db93add23b6) Importer(815301076,1909f56bfc062723c751e8b465ee728b) Refreshing native plugins compatible for Editor in 5.05 ms, found 3 plugins.
Preloading 0 native plugins for Editor in 0.00 ms.
 -> (artifact id: 'db695d7d2ee564ad548ed94f5c5246db') in 0.019109 seconds
Number of updated asset objects reloaded before import = 0
Number of asset objects unloaded after import = 43
========================================================================
Received Import Request.
  Time since last request: 1.537682 seconds.
  path: Assets/Character/Char2/Char2.png
  artifactKey: Guid(bd6b2b6c8bd1a3f41b92ae9062900d00) Importer(815301076,1909f56bfc062723c751e8b465ee728b)
Start importing Assets/Character/Char2/Char2.png using Guid(bd6b2b6c8bd1a3f41b92ae9062900d00) Importer(815301076,1909f56bfc062723c751e8b465ee728b)  -> (artifact id: '9469e06de15fec7ad8d8ac0ec03cb805') in 0.089579 seconds
Number of updated asset objects reloaded before import = 0
Number of asset objects unloaded after import = 14
========================================================================
Received Import Request.
  Time since last request: 5.117091 seconds.
  path: Assets/Character/Char3/Char3.png
  artifactKey: Guid(3bf0d4a26cbf0d7469d9365ba13e930d) Importer(815301076,1909f56bfc062723c751e8b465ee728b)
Start importing Assets/Character/Char3/Char3.png using Guid(3bf0d4a26cbf0d7469d9365ba13e930d) Importer(815301076,1909f56bfc062723c751e8b465ee728b)  -> (artifact id: 'f9e1f3f3c360403b1ffc1bae8eecbe92') in 0.057649 seconds
Number of updated asset objects reloaded before import = 0
Number of asset objects unloaded after import = 14
========================================================================
Received Import Request.
  Time since last request: 0.192238 seconds.
  path: Assets/Character/Char2/Char2.prefab
  artifactKey: Guid(805ea714fe2e63f46b0f64cc7fa84b64) Importer(815301076,1909f56bfc062723c751e8b465ee728b)
Start importing Assets/Character/Char2/Char2.prefab using Guid(805ea714fe2e63f46b0f64cc7fa84b64) Importer(815301076,1909f56bfc062723c751e8b465ee728b) Refreshing native plugins compatible for Editor in 3.59 ms, found 3 plugins.
Preloading 0 native plugins for Editor in 0.00 ms.
 -> (artifact id: 'ea5741f4c5a16e97db1f18edbc338baf') in 0.012773 seconds
Number of updated asset objects reloaded before import = 0
Number of asset objects unloaded after import = 43
========================================================================
Received Import Request.
  Time since last request: 4.609205 seconds.
  path: Assets/Character/Char4/Char4.png
  artifactKey: Guid(7a5b52db0caad434ba4d6badf898c7f0) Importer(815301076,1909f56bfc062723c751e8b465ee728b)
Start importing Assets/Character/Char4/Char4.png using Guid(7a5b52db0caad434ba4d6badf898c7f0) Importer(815301076,1909f56bfc062723c751e8b465ee728b)  -> (artifact id: '86c0f43cf43a8fae026dd0ca2e31240d') in 0.122044 seconds
Number of updated asset objects reloaded before import = 0
Number of asset objects unloaded after import = 14
========================================================================
Received Import Request.
  Time since last request: 0.129113 seconds.
  path: Assets/Character/Char3/Char3.prefab
  artifactKey: Guid(82bc6bcd3f9335d40af34d6e0e6ffcc9) Importer(815301076,1909f56bfc062723c751e8b465ee728b)
Start importing Assets/Character/Char3/Char3.prefab using Guid(82bc6bcd3f9335d40af34d6e0e6ffcc9) Importer(815301076,1909f56bfc062723c751e8b465ee728b) Refreshing native plugins compatible for Editor in 3.50 ms, found 3 plugins.
Preloading 0 native plugins for Editor in 0.00 ms.
 -> (artifact id: '58f0b30cdfa52f3bedda0b2c43c22d5a') in 0.014352 seconds
Number of updated asset objects reloaded before import = 0
Number of asset objects unloaded after import = 43
========================================================================
Received Import Request.
  Time since last request: 4.618837 seconds.
  path: Assets/Character/Char5/Char5.png
  artifactKey: Guid(162187cd707f4bd42a64b0852d88e9d1) Importer(815301076,1909f56bfc062723c751e8b465ee728b)
Start importing Assets/Character/Char5/Char5.png using Guid(162187cd707f4bd42a64b0852d88e9d1) Importer(815301076,1909f56bfc062723c751e8b465ee728b)  -> (artifact id: 'c5f5beb4fd58cd5767824b28e2416564') in 0.120881 seconds
Number of updated asset objects reloaded before import = 0
Number of asset objects unloaded after import = 14
========================================================================
Received Import Request.
  Time since last request: 0.129828 seconds.
  path: Assets/Character/Char4/Char4.prefab
  artifactKey: Guid(21e05c05e700eee428a22d387df22317) Importer(815301076,1909f56bfc062723c751e8b465ee728b)
Start importing Assets/Character/Char4/Char4.prefab using Guid(21e05c05e700eee428a22d387df22317) Importer(815301076,1909f56bfc062723c751e8b465ee728b) Refreshing native plugins compatible for Editor in 4.04 ms, found 3 plugins.
Preloading 0 native plugins for Editor in 0.00 ms.
 -> (artifact id: 'a3fc320571ce95dc9b3e000f6cd33333') in 0.391161 seconds
Number of updated asset objects reloaded before import = 0
Number of asset objects unloaded after import = 43
========================================================================
Received Import Request.
  Time since last request: 4.182284 seconds.
  path: Assets/Character/Char6/Char6.png
  artifactKey: Guid(ed6b838fd1dd0854d9e31016e8098715) Importer(815301076,1909f56bfc062723c751e8b465ee728b)
Start importing Assets/Character/Char6/Char6.png using Guid(ed6b838fd1dd0854d9e31016e8098715) Importer(815301076,1909f56bfc062723c751e8b465ee728b)  -> (artifact id: '3016e76d67f03e98b558dc4543fc405b') in 0.059443 seconds
Number of updated asset objects reloaded before import = 0
Number of asset objects unloaded after import = 14
========================================================================
Received Import Request.
  Time since last request: 0.215630 seconds.
  path: Assets/Character/Char5/Char5.prefab
  artifactKey: Guid(5b4fc24cbef2ff74083ea1596c7f2a7a) Importer(815301076,1909f56bfc062723c751e8b465ee728b)
Start importing Assets/Character/Char5/Char5.prefab using Guid(5b4fc24cbef2ff74083ea1596c7f2a7a) Importer(815301076,1909f56bfc062723c751e8b465ee728b) Refreshing native plugins compatible for Editor in 4.89 ms, found 3 plugins.
Preloading 0 native plugins for Editor in 0.00 ms.
 -> (artifact id: '1a5281b922664860049f5e983833b885') in 0.016479 seconds
Number of updated asset objects reloaded before import = 0
Number of asset objects unloaded after import = 43
========================================================================
Received Import Request.
  Time since last request: 2.975980 seconds.
  path: Assets/Character/Char6/Char6.prefab
  artifactKey: Guid(e11e6c80258520245a0b3fcebd680512) Importer(815301076,1909f56bfc062723c751e8b465ee728b)
Start importing Assets/Character/Char6/Char6.prefab using Guid(e11e6c80258520245a0b3fcebd680512) Importer(815301076,1909f56bfc062723c751e8b465ee728b) Refreshing native plugins compatible for Editor in 4.02 ms, found 3 plugins.
Preloading 0 native plugins for Editor in 0.00 ms.
 -> (artifact id: '93a2f8a03a14de422d9770e1f17b502f') in 0.023159 seconds
Number of updated asset objects reloaded before import = 0
Number of asset objects unloaded after import = 43
========================================================================
Received Prepare
Begin MonoManager ReloadAssembly
- Loaded All Assemblies, in  0.721 seconds
Refreshing native plugins compatible for Editor in 3.42 ms, found 3 plugins.
Native extension for UWP target not found
Native extension for WindowsStandalone target not found
Native extension for Android target not found
Native extension for WebGL target not found
Mono: successfully reloaded assembly
- Finished resetting the current domain, in  2.132 seconds
Domain Reload Profiling: 2849ms
	BeginReloadAssembly (218ms)
		ExecutionOrderSort (0ms)
		DisableScriptedObjects (17ms)
		BackupInstance (0ms)
		ReleaseScriptingObjects (0ms)
		CreateAndSetChildDomain (51ms)
	RebuildCommonClasses (48ms)
	RebuildNativeTypeToScriptingClass (20ms)
	initialDomainReloadingComplete (37ms)
	LoadAllAssembliesAndSetupDomain (394ms)
		LoadAssemblies (496ms)
		RebuildTransferFunctionScriptingTraits (0ms)
		AnalyzeDomain (13ms)
			TypeCache.Refresh (6ms)
				TypeCache.ScanAssembly (0ms)
			ScanForSourceGeneratedMonoScriptInfo (0ms)
			ResolveRequiredComponents (6ms)
	FinalizeReload (2132ms)
		ReleaseScriptCaches (0ms)
		RebuildScriptCaches (0ms)
		SetupLoadedEditorAssemblies (1374ms)
			LogAssemblyErrors (0ms)
			InitializePlatformSupportModulesInManaged (43ms)
			SetLoadedEditorAssemblies (11ms)
			RefreshPlugins (0ms)
			BeforeProcessingInitializeOnLoad (169ms)
			ProcessInitializeOnLoadAttributes (1085ms)
			ProcessInitializeOnLoadMethodAttributes (53ms)
			AfterProcessingInitializeOnLoad (12ms)
			EditorAssembliesLoaded (1ms)
		ExecutionOrderSort2 (0ms)
		AwakeInstancesAfterBackupRestoration (20ms)
Refreshing native plugins compatible for Editor in 6.34 ms, found 3 plugins.
Preloading 0 native plugins for Editor in 0.00 ms.
Unloading 2686 Unused Serialized files (Serialized files now loaded: 0)
Unloading 35 unused Assets / (285.9 KB). Loaded Objects now: 3215.
Memory consumption went from 122.6 MB to 122.3 MB.
Total: 8.461800 ms (FindLiveObjects: 0.409200 ms CreateObjectMapping: 0.305700 ms MarkObjects: 7.440100 ms  DeleteObjects: 0.305400 ms)

Prepare: number of updated asset objects reloaded= 0
AssetImportParameters requested are different than current active one (requested -> active):
  custom:video-decoder-webm-vp8: 9c59270c3fd7afecdb556c50c9e8de78 -> 
  custom:SearchIndexIgnoredProperties: e643bd26f0fe6173181afceb89e7c659 -> 
  custom:container-demuxer-ogg: 62fdf1f143b41e24485cea50d1cbac27 -> 
  custom:AudioImporter_EditorPlatform: d09bf68614088b80899f8185d706f6e7 -> 
  custom:video-decoder-ogg-theora: a1e56fd34408186e4bbccfd4996cb3dc -> 
  custom:framework-win-MediaFoundation: 216162199b28c13a410421893ffa2e32 -> 
  custom:video-encoder-webm-vp8: eb34c28f22e8b96e1ab97ce403110664 -> 
  custom:audio-decoder-ogg-vorbis: bf7c407c2cedff20999df2af8eb42d56 -> 
  custom:CustomObjectIndexerAttribute: 6d391050e5a25f67b0a2c618074f2cd9 -> 
  custom:container-demuxer-webm: 4f35f7cbe854078d1ac9338744f61a02 -> 
  custom:audio-encoder-webm-vorbis: bf7c407c2cedff20999df2af8eb42d56 -> 
  custom:container-muxer-webm: aa71ff27fc2769a1b78a27578f13a17b -> 
========================================================================
Received Import Request.
  Time since last request: 136.046306 seconds.
  path: Assets/Laboratory/TilePalletes/Static/Glass.png
  artifactKey: Guid(7bee7093cdb97e145b3b65b930de9011) Importer(815301076,1909f56bfc062723c751e8b465ee728b)
Start importing Assets/Laboratory/TilePalletes/Static/Glass.png using Guid(7bee7093cdb97e145b3b65b930de9011) Importer(815301076,1909f56bfc062723c751e8b465ee728b)  -> (artifact id: '1f675c13502ba5d89e92ac5692654dec') in 0.106363 seconds
Number of updated asset objects reloaded before import = 0
Number of asset objects unloaded after import = 11
========================================================================
Received Import Request.
  Time since last request: 14.930914 seconds.
  path: Assets/Laboratory/TilePalletes/Static/Glass.png
  artifactKey: Guid(7bee7093cdb97e145b3b65b930de9011) Importer(815301076,1909f56bfc062723c751e8b465ee728b)
Start importing Assets/Laboratory/TilePalletes/Static/Glass.png using Guid(7bee7093cdb97e145b3b65b930de9011) Importer(815301076,1909f56bfc062723c751e8b465ee728b)  -> (artifact id: 'd929dcc9cfc2e25482caacc6f30f5d6c') in 0.056809 seconds
Number of updated asset objects reloaded before import = 0
Number of asset objects unloaded after import = 11
========================================================================
Received Import Request.
  Time since last request: 62.939724 seconds.
  path: Assets/Laboratory/TilePalletes/Static/Lab Static Tiles
  artifactKey: Guid(a51c7c4b590bba9499399618b05fff95) Importer(815301076,1909f56bfc062723c751e8b465ee728b)
Start importing Assets/Laboratory/TilePalletes/Static/Lab Static Tiles using Guid(a51c7c4b590bba9499399618b05fff95) Importer(815301076,1909f56bfc062723c751e8b465ee728b)  -> (artifact id: '67031362d45e3d3b05e186241eef2572') in 0.000686 seconds
Number of updated asset objects reloaded before import = 0
Number of asset objects unloaded after import = 0
========================================================================
Received Import Request.
  Time since last request: 97.910049 seconds.
  path: Assets/Laboratory/TilePalletes/Static/Glass.png
  artifactKey: Guid(7bee7093cdb97e145b3b65b930de9011) Importer(815301076,1909f56bfc062723c751e8b465ee728b)
Start importing Assets/Laboratory/TilePalletes/Static/Glass.png using Guid(7bee7093cdb97e145b3b65b930de9011) Importer(815301076,1909f56bfc062723c751e8b465ee728b)  -> (artifact id: '49397c16ee2f3d5a36f90b76908eeec9') in 0.054842 seconds
Number of updated asset objects reloaded before import = 0
Number of asset objects unloaded after import = 11
========================================================================
Received Import Request.
  Time since last request: 24.019199 seconds.
  path: Assets/Laboratory/TilePalletes/Static/Glass_0.asset
  artifactKey: Guid(05a54ba57b59fb3419c61e71a2883b4c) Importer(815301076,1909f56bfc062723c751e8b465ee728b)
Start importing Assets/Laboratory/TilePalletes/Static/Glass_0.asset using Guid(05a54ba57b59fb3419c61e71a2883b4c) Importer(815301076,1909f56bfc062723c751e8b465ee728b)  -> (artifact id: '99e6b74a6f75a40b81eead23bd59d645') in 0.053882 seconds
Number of updated asset objects reloaded before import = 0
Number of asset objects unloaded after import = 3
========================================================================
Received Import Request.
  Time since last request: 0.000022 seconds.
  path: Assets/Laboratory/TilePalletes/Static/Glass_3.asset
  artifactKey: Guid(30742546a7f65324dba99800610a853e) Importer(815301076,1909f56bfc062723c751e8b465ee728b)
Start importing Assets/Laboratory/TilePalletes/Static/Glass_3.asset using Guid(30742546a7f65324dba99800610a853e) Importer(815301076,1909f56bfc062723c751e8b465ee728b)  -> (artifact id: 'd3a6f581f19f01f6c7691d7a5aacbdc2') in 0.019443 seconds
Number of updated asset objects reloaded before import = 0
Number of asset objects unloaded after import = 3
========================================================================
Received Import Request.
  Time since last request: 0.000021 seconds.
  path: Assets/Laboratory/TilePalletes/Static/Glass_7.asset
  artifactKey: Guid(e1321f4abbaf66d48b530d8ff8bbf937) Importer(815301076,1909f56bfc062723c751e8b465ee728b)
Start importing Assets/Laboratory/TilePalletes/Static/Glass_7.asset using Guid(e1321f4abbaf66d48b530d8ff8bbf937) Importer(815301076,1909f56bfc062723c751e8b465ee728b)  -> (artifact id: 'b262dd41b281008dc3bd879d8298bd3d') in 0.013354 seconds
Number of updated asset objects reloaded before import = 0
Number of asset objects unloaded after import = 3
========================================================================
Received Import Request.
  Time since last request: 0.000040 seconds.
  path: Assets/Laboratory/TilePalletes/Static/Glass_4.asset
  artifactKey: Guid(2542346c47a49714da5e812e374c42c0) Importer(815301076,1909f56bfc062723c751e8b465ee728b)
Start importing Assets/Laboratory/TilePalletes/Static/Glass_4.asset using Guid(2542346c47a49714da5e812e374c42c0) Importer(815301076,1909f56bfc062723c751e8b465ee728b)  -> (artifact id: 'aad8d1e0b2d93e8871deb2ced5342d7e') in 0.018959 seconds
Number of updated asset objects reloaded before import = 0
Number of asset objects unloaded after import = 3
========================================================================
Received Import Request.
  Time since last request: 0.000032 seconds.
  path: Assets/Laboratory/TilePalletes/Static/Glass_2.asset
  artifactKey: Guid(76d051722ce92914b9b93e0aafe3c4dc) Importer(815301076,1909f56bfc062723c751e8b465ee728b)
Start importing Assets/Laboratory/TilePalletes/Static/Glass_2.asset using Guid(76d051722ce92914b9b93e0aafe3c4dc) Importer(815301076,1909f56bfc062723c751e8b465ee728b)  -> (artifact id: 'c65cc6e69e80fdb25605ff8a297ce4e3') in 0.021207 seconds
Number of updated asset objects reloaded before import = 0
Number of asset objects unloaded after import = 3
========================================================================
Received Import Request.
  Time since last request: 2.057083 seconds.
  path: Assets/Laboratory/TilePalletes/Static/Lab Static Tiles/Glass_0.asset
  artifactKey: Guid(452f4dacdd4f19445a1ba4e3e76e5a26) Importer(815301076,1909f56bfc062723c751e8b465ee728b)
Start importing Assets/Laboratory/TilePalletes/Static/Lab Static Tiles/Glass_0.asset using Guid(452f4dacdd4f19445a1ba4e3e76e5a26) Importer(815301076,1909f56bfc062723c751e8b465ee728b)  -> (artifact id: '12541c7cc20e6e5216eac66eeceac87d') in 0.008358 seconds
Number of updated asset objects reloaded before import = 0
Number of asset objects unloaded after import = 3
========================================================================
Received Import Request.
  Time since last request: 0.000013 seconds.
  path: Assets/Laboratory/TilePalletes/Static/Lab Static Tiles/Glass_6.asset
  artifactKey: Guid(c73a8c4f3500f584f84daae902fa1001) Importer(815301076,1909f56bfc062723c751e8b465ee728b)
Start importing Assets/Laboratory/TilePalletes/Static/Lab Static Tiles/Glass_6.asset using Guid(c73a8c4f3500f584f84daae902fa1001) Importer(815301076,1909f56bfc062723c751e8b465ee728b)  -> (artifact id: 'd5af8818baf88a4a8874b8f1631ddde4') in 0.010117 seconds
Number of updated asset objects reloaded before import = 0
Number of asset objects unloaded after import = 3
========================================================================
Received Import Request.
  Time since last request: 0.000021 seconds.
  path: Assets/Laboratory/TilePalletes/Static/Lab Static Tiles/Glass_8.asset
  artifactKey: Guid(49879d72e82d2de4f9e2048ef554033c) Importer(815301076,1909f56bfc062723c751e8b465ee728b)
Start importing Assets/Laboratory/TilePalletes/Static/Lab Static Tiles/Glass_8.asset using Guid(49879d72e82d2de4f9e2048ef554033c) Importer(815301076,1909f56bfc062723c751e8b465ee728b)  -> (artifact id: '84f846113838f493c3f891eb8e4ec115') in 0.010928 seconds
Number of updated asset objects reloaded before import = 0
Number of asset objects unloaded after import = 3
========================================================================
Received Import Request.
  Time since last request: 0.000016 seconds.
  path: Assets/Laboratory/TilePalletes/Static/Lab Static Tiles/Glass_3.asset
  artifactKey: Guid(93fb13c51f082f84a85a30c74c0780ae) Importer(815301076,1909f56bfc062723c751e8b465ee728b)
Start importing Assets/Laboratory/TilePalletes/Static/Lab Static Tiles/Glass_3.asset using Guid(93fb13c51f082f84a85a30c74c0780ae) Importer(815301076,1909f56bfc062723c751e8b465ee728b)  -> (artifact id: '6fa1b84be3fc5f4ceee64ec1db958549') in 0.007469 seconds
Number of updated asset objects reloaded before import = 0
Number of asset objects unloaded after import = 3
========================================================================
Received Import Request.
  Time since last request: 0.000034 seconds.
  path: Assets/Laboratory/TilePalletes/Static/Lab Static Tiles/Glass_7.asset
  artifactKey: Guid(5f063c80cbcbbe04a9e43e5e50269bde) Importer(815301076,1909f56bfc062723c751e8b465ee728b)
Start importing Assets/Laboratory/TilePalletes/Static/Lab Static Tiles/Glass_7.asset using Guid(5f063c80cbcbbe04a9e43e5e50269bde) Importer(815301076,1909f56bfc062723c751e8b465ee728b)  -> (artifact id: 'a58b922efcd97b24363382c49c0d1d62') in 0.007091 seconds
Number of updated asset objects reloaded before import = 0
Number of asset objects unloaded after import = 3
========================================================================
Received Import Request.
  Time since last request: 5.350701 seconds.
  path: Assets/Laboratory/TilePalletes/Static/Lab Static Tiles/Static sprites_34.asset
  artifactKey: Guid(5b9b93fec15721a40afe570c3898b4a5) Importer(815301076,1909f56bfc062723c751e8b465ee728b)
Start importing Assets/Laboratory/TilePalletes/Static/Lab Static Tiles/Static sprites_34.asset using Guid(5b9b93fec15721a40afe570c3898b4a5) Importer(815301076,1909f56bfc062723c751e8b465ee728b)  -> (artifact id: 'e6674be15f18a988040c6ae37ceb31f0') in 0.084753 seconds
Number of updated asset objects reloaded before import = 0
Number of asset objects unloaded after import = 3
========================================================================
Received Import Request.
  Time since last request: 0.000027 seconds.
  path: Assets/Laboratory/TilePalletes/Static/Lab Static Tiles/Static sprites_38.asset
  artifactKey: Guid(493856940f9840941a74eab1ed46f868) Importer(815301076,1909f56bfc062723c751e8b465ee728b)
Start importing Assets/Laboratory/TilePalletes/Static/Lab Static Tiles/Static sprites_38.asset using Guid(493856940f9840941a74eab1ed46f868) Importer(815301076,1909f56bfc062723c751e8b465ee728b)  -> (artifact id: 'ec3ea41c11877419378c6fc15b9c66d6') in 0.018375 seconds
Number of updated asset objects reloaded before import = 0
Number of asset objects unloaded after import = 3
========================================================================
Received Import Request.
  Time since last request: 0.000034 seconds.
  path: Assets/Laboratory/TilePalletes/Static/Lab Static Tiles/Static sprites_39.asset
  artifactKey: Guid(87f74fcff84dc3045bdf8a6a402f5eec) Importer(815301076,1909f56bfc062723c751e8b465ee728b)
Start importing Assets/Laboratory/TilePalletes/Static/Lab Static Tiles/Static sprites_39.asset using Guid(87f74fcff84dc3045bdf8a6a402f5eec) Importer(815301076,1909f56bfc062723c751e8b465ee728b)  -> (artifact id: '3fd992eb35889e08e01d4d3a024daf79') in 0.013448 seconds
Number of updated asset objects reloaded before import = 0
Number of asset objects unloaded after import = 3
========================================================================
Received Import Request.
  Time since last request: 0.000017 seconds.
  path: Assets/Laboratory/TilePalletes/Static/Lab Static Tiles/Static sprites_42.asset
  artifactKey: Guid(c20bfa2fae2208946a20320362a86e3f) Importer(815301076,1909f56bfc062723c751e8b465ee728b)
Start importing Assets/Laboratory/TilePalletes/Static/Lab Static Tiles/Static sprites_42.asset using Guid(c20bfa2fae2208946a20320362a86e3f) Importer(815301076,1909f56bfc062723c751e8b465ee728b)  -> (artifact id: '4ab419742389009d397d353990d0c498') in 0.014294 seconds
Number of updated asset objects reloaded before import = 0
Number of asset objects unloaded after import = 3
========================================================================
Received Import Request.
  Time since last request: 0.000016 seconds.
  path: Assets/Laboratory/TilePalletes/Static/Lab Static Tiles/Static sprites_37.asset
  artifactKey: Guid(23b14202bafa94149a6be8dc1097d2c4) Importer(815301076,1909f56bfc062723c751e8b465ee728b)
Start importing Assets/Laboratory/TilePalletes/Static/Lab Static Tiles/Static sprites_37.asset using Guid(23b14202bafa94149a6be8dc1097d2c4) Importer(815301076,1909f56bfc062723c751e8b465ee728b)  -> (artifact id: '7f4d340506ea5914ce593382e1863e11') in 0.012785 seconds
Number of updated asset objects reloaded before import = 0
Number of asset objects unloaded after import = 3
========================================================================
Received Prepare
Begin MonoManager ReloadAssembly
- Loaded All Assemblies, in  0.603 seconds
Refreshing native plugins compatible for Editor in 3.29 ms, found 3 plugins.
Native extension for UWP target not found
Native extension for WindowsStandalone target not found
Native extension for Android target not found
Native extension for WebGL target not found
Mono: successfully reloaded assembly
- Finished resetting the current domain, in  1.553 seconds
Domain Reload Profiling: 2152ms
	BeginReloadAssembly (221ms)
		ExecutionOrderSort (0ms)
		DisableScriptedObjects (15ms)
		BackupInstance (0ms)
		ReleaseScriptingObjects (0ms)
		CreateAndSetChildDomain (47ms)
	RebuildCommonClasses (40ms)
	RebuildNativeTypeToScriptingClass (12ms)
	initialDomainReloadingComplete (37ms)
	LoadAllAssembliesAndSetupDomain (288ms)
		LoadAssemblies (398ms)
		RebuildTransferFunctionScriptingTraits (0ms)
		AnalyzeDomain (13ms)
			TypeCache.Refresh (6ms)
				TypeCache.ScanAssembly (0ms)
			ScanForSourceGeneratedMonoScriptInfo (0ms)
			ResolveRequiredComponents (6ms)
	FinalizeReload (1554ms)
		ReleaseScriptCaches (0ms)
		RebuildScriptCaches (0ms)
		SetupLoadedEditorAssemblies (1017ms)
			LogAssemblyErrors (0ms)
			InitializePlatformSupportModulesInManaged (38ms)
			SetLoadedEditorAssemblies (9ms)
			RefreshPlugins (0ms)
			BeforeProcessingInitializeOnLoad (116ms)
			ProcessInitializeOnLoadAttributes (789ms)
			ProcessInitializeOnLoadMethodAttributes (48ms)
			AfterProcessingInitializeOnLoad (16ms)
			EditorAssembliesLoaded (0ms)
		ExecutionOrderSort2 (0ms)
		AwakeInstancesAfterBackupRestoration (27ms)
Refreshing native plugins compatible for Editor in 7.58 ms, found 3 plugins.
Preloading 0 native plugins for Editor in 0.00 ms.
Unloading 2686 Unused Serialized files (Serialized files now loaded: 0)
Unloading 35 unused Assets / (285.7 KB). Loaded Objects now: 3235.
Memory consumption went from 124.5 MB to 124.3 MB.
Total: 10.103200 ms (FindLiveObjects: 0.649000 ms CreateObjectMapping: 0.366700 ms MarkObjects: 8.702900 ms  DeleteObjects: 0.382800 ms)

Prepare: number of updated asset objects reloaded= 0
AssetImportParameters requested are different than current active one (requested -> active):
  custom:video-decoder-webm-vp8: 9c59270c3fd7afecdb556c50c9e8de78 -> 
  custom:SearchIndexIgnoredProperties: e643bd26f0fe6173181afceb89e7c659 -> 
  custom:container-demuxer-ogg: 62fdf1f143b41e24485cea50d1cbac27 -> 
  custom:AudioImporter_EditorPlatform: d09bf68614088b80899f8185d706f6e7 -> 
  custom:video-decoder-ogg-theora: a1e56fd34408186e4bbccfd4996cb3dc -> 
  custom:framework-win-MediaFoundation: 216162199b28c13a410421893ffa2e32 -> 
  custom:video-encoder-webm-vp8: eb34c28f22e8b96e1ab97ce403110664 -> 
  custom:audio-decoder-ogg-vorbis: bf7c407c2cedff20999df2af8eb42d56 -> 
  custom:CustomObjectIndexerAttribute: 6d391050e5a25f67b0a2c618074f2cd9 -> 
  custom:container-demuxer-webm: 4f35f7cbe854078d1ac9338744f61a02 -> 
  custom:audio-encoder-webm-vorbis: bf7c407c2cedff20999df2af8eb42d56 -> 
  custom:container-muxer-webm: aa71ff27fc2769a1b78a27578f13a17b -> 
========================================================================
Received Import Request.
  Time since last request: 292.766624 seconds.
  path: Assets/Scenes/Level 1.unity
  artifactKey: Guid(2cda990e2423bbf4892e6590ba056729) Importer(815301076,1909f56bfc062723c751e8b465ee728b)
Start importing Assets/Scenes/Level 1.unity using Guid(2cda990e2423bbf4892e6590ba056729) Importer(815301076,1909f56bfc062723c751e8b465ee728b)  -> (artifact id: '99c43ac1f6870d5974c261646b361ca2') in 0.002895 seconds
Number of updated asset objects reloaded before import = 0
Number of asset objects unloaded after import = 0
