Using pre-set license
Built from '2022.3/release' branch; Version is '2022.3.20f1 (61c2feb0970d) revision 6406910'; Using compiler version '192829333'; Build Type 'Release'
OS: 'Windows 10  (10.0.19045) 64bit Education' Language: 'ru' Physical Memory: 16190 MB
BatchMode: 1, IsHumanControllingUs: 0, StartBugReporterOnCrash: 0, Is64bit: 1, IsPro: 1

COMMAND LINE ARGUMENTS:
C:\Program Files\Unity\Hub\Editor\2022.3.20f1\Editor\Unity.exe
-adb2
-batchMode
-noUpm
-name
AssetImportWorker1
-projectPath
D:/SkillBox/GameBox/PrehistoricExplorer/Prehistoric Explorer
-logFile
Logs/AssetImportWorker1.log
-srvPort
11863
Successfully changed project path to: D:/SkillBox/GameBox/PrehistoricExplorer/Prehistoric Explorer
D:/SkillBox/GameBox/PrehistoricExplorer/Prehistoric Explorer
[UnityMemory] Configuration Parameters - Can be set up in boot.config
    "memorysetup-bucket-allocator-granularity=16"
    "memorysetup-bucket-allocator-bucket-count=8"
    "memorysetup-bucket-allocator-block-size=33554432"
    "memorysetup-bucket-allocator-block-count=8"
    "memorysetup-main-allocator-block-size=16777216"
    "memorysetup-thread-allocator-block-size=16777216"
    "memorysetup-gfx-main-allocator-block-size=16777216"
    "memorysetup-gfx-thread-allocator-block-size=16777216"
    "memorysetup-cache-allocator-block-size=4194304"
    "memorysetup-typetree-allocator-block-size=2097152"
    "memorysetup-profiler-bucket-allocator-granularity=16"
    "memorysetup-profiler-bucket-allocator-bucket-count=8"
    "memorysetup-profiler-bucket-allocator-block-size=33554432"
    "memorysetup-profiler-bucket-allocator-block-count=8"
    "memorysetup-profiler-allocator-block-size=16777216"
    "memorysetup-profiler-editor-allocator-block-size=1048576"
    "memorysetup-temp-allocator-size-main=16777216"
    "memorysetup-job-temp-allocator-block-size=2097152"
    "memorysetup-job-temp-allocator-block-size-background=1048576"
    "memorysetup-job-temp-allocator-reduction-small-platforms=262144"
    "memorysetup-allocator-temp-initial-block-size-main=262144"
    "memorysetup-allocator-temp-initial-block-size-worker=262144"
    "memorysetup-temp-allocator-size-background-worker=32768"
    "memorysetup-temp-allocator-size-job-worker=262144"
    "memorysetup-temp-allocator-size-preload-manager=33554432"
    "memorysetup-temp-allocator-size-nav-mesh-worker=65536"
    "memorysetup-temp-allocator-size-audio-worker=65536"
    "memorysetup-temp-allocator-size-cloud-worker=32768"
    "memorysetup-temp-allocator-size-gi-baking-worker=262144"
    "memorysetup-temp-allocator-size-gfx=262144"
Player connection [16860] Host "[IP] 192.168.0.105 [Port] 0 [Flags] 2 [Guid] 1170307163 [EditorId] 1170307163 [Version] 1048832 [Id] WindowsEditor(7,DESKTOP-PPUF3F5) [Debug] 1 [PackageName] WindowsEditor [ProjectName] Editor" joined multi-casting on [225.0.0.222:54997]...

Player connection [16860] Host "[IP] 192.168.0.105 [Port] 0 [Flags] 2 [Guid] 1170307163 [EditorId] 1170307163 [Version] 1048832 [Id] WindowsEditor(7,DESKTOP-PPUF3F5) [Debug] 1 [PackageName] WindowsEditor [ProjectName] Editor" joined alternative multi-casting on [225.0.0.222:34997]...

[Physics::Module] Initialized MultithreadedJobDispatcher with 7 workers.
Refreshing native plugins compatible for Editor in 288.12 ms, found 3 plugins.
Preloading 0 native plugins for Editor in 0.00 ms.
Initialize engine version: 2022.3.20f1 (61c2feb0970d)
[Subsystems] Discovering subsystems at path C:/Program Files/Unity/Hub/Editor/2022.3.20f1/Editor/Data/Resources/UnitySubsystems
[Subsystems] Discovering subsystems at path D:/SkillBox/GameBox/PrehistoricExplorer/Prehistoric Explorer/Assets
GfxDevice: creating device client; threaded=0; jobified=0
Direct3D:
    Version:  Direct3D 11.0 [level 11.1]
    Renderer: NVIDIA GeForce GTX 1050 (ID=0x1c8d)
    Vendor:   NVIDIA
    VRAM:     1962 MB
Initialize mono
Mono path[0] = 'C:/Program Files/Unity/Hub/Editor/2022.3.20f1/Editor/Data/Managed'
Mono path[1] = 'C:/Program Files/Unity/Hub/Editor/2022.3.20f1/Editor/Data/MonoBleedingEdge/lib/mono/unityjit-win32'
Mono config path = 'C:/Program Files/Unity/Hub/Editor/2022.3.20f1/Editor/Data/MonoBleedingEdge/etc'
Using monoOptions --debugger-agent=transport=dt_socket,embedding=1,server=y,suspend=n,address=127.0.0.1:56588
Begin MonoManager ReloadAssembly
Registering precompiled unity dll's ...
Register platform support module: C:/Program Files/Unity/Hub/Editor/2022.3.20f1/Editor/Data/PlaybackEngines/WebGLSupport/UnityEditor.WebGL.Extensions.dll
Register platform support module: C:/Program Files/Unity/Hub/Editor/2022.3.20f1/Editor/Data/PlaybackEngines/AndroidPlayer/UnityEditor.Android.Extensions.dll
Register platform support module: C:/Program Files/Unity/Hub/Editor/2022.3.20f1/Editor/Data/PlaybackEngines/WindowsStandaloneSupport/UnityEditor.WindowsStandalone.Extensions.dll
Register platform support module: C:/Program Files/Unity/Hub/Editor/2022.3.20f1/Editor/Data/PlaybackEngines/MetroSupport/UnityEditor.UWP.Extensions.dll
Registered in 0.026689 seconds.
- Loaded All Assemblies, in  2.458 seconds
Native extension for UWP target not found
Native extension for WindowsStandalone target not found
Native extension for Android target not found
Android Extension - Scanning For ADB Devices 607 ms
Native extension for WebGL target not found
Mono: successfully reloaded assembly
- Finished resetting the current domain, in  1.098 seconds
Domain Reload Profiling: 3553ms
	BeginReloadAssembly (195ms)
		ExecutionOrderSort (0ms)
		DisableScriptedObjects (0ms)
		BackupInstance (0ms)
		ReleaseScriptingObjects (0ms)
		CreateAndSetChildDomain (1ms)
	RebuildCommonClasses (461ms)
	RebuildNativeTypeToScriptingClass (21ms)
	initialDomainReloadingComplete (124ms)
	LoadAllAssembliesAndSetupDomain (1654ms)
		LoadAssemblies (194ms)
		RebuildTransferFunctionScriptingTraits (0ms)
		AnalyzeDomain (1647ms)
			TypeCache.Refresh (1646ms)
				TypeCache.ScanAssembly (1246ms)
			ScanForSourceGeneratedMonoScriptInfo (0ms)
			ResolveRequiredComponents (1ms)
	FinalizeReload (1098ms)
		ReleaseScriptCaches (0ms)
		RebuildScriptCaches (0ms)
		SetupLoadedEditorAssemblies (1010ms)
			LogAssemblyErrors (0ms)
			InitializePlatformSupportModulesInManaged (750ms)
			SetLoadedEditorAssemblies (6ms)
			RefreshPlugins (0ms)
			BeforeProcessingInitializeOnLoad (4ms)
			ProcessInitializeOnLoadAttributes (173ms)
			ProcessInitializeOnLoadMethodAttributes (76ms)
			AfterProcessingInitializeOnLoad (0ms)
			EditorAssembliesLoaded (0ms)
		ExecutionOrderSort2 (0ms)
		AwakeInstancesAfterBackupRestoration (0ms)
========================================================================
Worker process is ready to serve import requests
Begin MonoManager ReloadAssembly
- Loaded All Assemblies, in  2.721 seconds
Refreshing native plugins compatible for Editor in 4.14 ms, found 3 plugins.
Native extension for UWP target not found
Native extension for WindowsStandalone target not found
Native extension for Android target not found
Native extension for WebGL target not found
Mono: successfully reloaded assembly
- Finished resetting the current domain, in  1.298 seconds
Domain Reload Profiling: 4015ms
	BeginReloadAssembly (387ms)
		ExecutionOrderSort (0ms)
		DisableScriptedObjects (11ms)
		BackupInstance (0ms)
		ReleaseScriptingObjects (0ms)
		CreateAndSetChildDomain (43ms)
	RebuildCommonClasses (44ms)
	RebuildNativeTypeToScriptingClass (15ms)
	initialDomainReloadingComplete (61ms)
	LoadAllAssembliesAndSetupDomain (2210ms)
		LoadAssemblies (2068ms)
		RebuildTransferFunctionScriptingTraits (0ms)
		AnalyzeDomain (404ms)
			TypeCache.Refresh (370ms)
				TypeCache.ScanAssembly (283ms)
			ScanForSourceGeneratedMonoScriptInfo (24ms)
			ResolveRequiredComponents (8ms)
	FinalizeReload (1298ms)
		ReleaseScriptCaches (0ms)
		RebuildScriptCaches (0ms)
		SetupLoadedEditorAssemblies (1062ms)
			LogAssemblyErrors (0ms)
			InitializePlatformSupportModulesInManaged (48ms)
			SetLoadedEditorAssemblies (9ms)
			RefreshPlugins (0ms)
			BeforeProcessingInitializeOnLoad (131ms)
			ProcessInitializeOnLoadAttributes (806ms)
			ProcessInitializeOnLoadMethodAttributes (59ms)
			AfterProcessingInitializeOnLoad (10ms)
			EditorAssembliesLoaded (0ms)
		ExecutionOrderSort2 (0ms)
		AwakeInstancesAfterBackupRestoration (8ms)
Launched and connected shader compiler UnityShaderCompiler.exe after 0.11 seconds
Refreshing native plugins compatible for Editor in 5.93 ms, found 3 plugins.
Preloading 0 native plugins for Editor in 0.00 ms.
Unloading 2707 Unused Serialized files (Serialized files now loaded: 0)
Unloading 72 unused Assets / (314.3 KB). Loaded Objects now: 3171.
Memory consumption went from 124.5 MB to 124.2 MB.
Total: 4.771100 ms (FindLiveObjects: 0.253400 ms CreateObjectMapping: 0.188500 ms MarkObjects: 3.802800 ms  DeleteObjects: 0.525300 ms)

AssetImportParameters requested are different than current active one (requested -> active):
  custom:video-decoder-webm-vp8: 9c59270c3fd7afecdb556c50c9e8de78 -> 
  custom:SearchIndexIgnoredProperties: e643bd26f0fe6173181afceb89e7c659 -> 
  custom:container-demuxer-ogg: 62fdf1f143b41e24485cea50d1cbac27 -> 
  custom:AudioImporter_EditorPlatform: d09bf68614088b80899f8185d706f6e7 -> 
  custom:video-decoder-ogg-theora: a1e56fd34408186e4bbccfd4996cb3dc -> 
  custom:framework-win-MediaFoundation: 216162199b28c13a410421893ffa2e32 -> 
  custom:video-encoder-webm-vp8: eb34c28f22e8b96e1ab97ce403110664 -> 
  custom:audio-decoder-ogg-vorbis: bf7c407c2cedff20999df2af8eb42d56 -> 
  custom:CustomObjectIndexerAttribute: 6d391050e5a25f67b0a2c618074f2cd9 -> 
  custom:container-demuxer-webm: 4f35f7cbe854078d1ac9338744f61a02 -> 
  custom:audio-encoder-webm-vorbis: bf7c407c2cedff20999df2af8eb42d56 -> 
  custom:container-muxer-webm: aa71ff27fc2769a1b78a27578f13a17b -> 
========================================================================
Received Import Request.
  Time since last request: 758398.841568 seconds.
  path: Assets/Character/Char1/Char1.png
  artifactKey: Guid(187d5249e886af8489fd22a123022788) Importer(815301076,1909f56bfc062723c751e8b465ee728b)
Start importing Assets/Character/Char1/Char1.png using Guid(187d5249e886af8489fd22a123022788) Importer(815301076,1909f56bfc062723c751e8b465ee728b)  -> (artifact id: '0c4624ecd1ad68a37a0cbd438a79b526') in 0.138746 seconds
Number of updated asset objects reloaded before import = 0
Number of asset objects unloaded after import = 14
========================================================================
Received Prepare
Begin MonoManager ReloadAssembly
- Loaded All Assemblies, in  0.636 seconds
Refreshing native plugins compatible for Editor in 6.33 ms, found 3 plugins.
Native extension for UWP target not found
Native extension for WindowsStandalone target not found
Native extension for Android target not found
Native extension for WebGL target not found
Mono: successfully reloaded assembly
- Finished resetting the current domain, in  2.316 seconds
Domain Reload Profiling: 2950ms
	BeginReloadAssembly (227ms)
		ExecutionOrderSort (0ms)
		DisableScriptedObjects (21ms)
		BackupInstance (0ms)
		ReleaseScriptingObjects (0ms)
		CreateAndSetChildDomain (51ms)
	RebuildCommonClasses (43ms)
	RebuildNativeTypeToScriptingClass (18ms)
	initialDomainReloadingComplete (43ms)
	LoadAllAssembliesAndSetupDomain (301ms)
		LoadAssemblies (385ms)
		RebuildTransferFunctionScriptingTraits (0ms)
		AnalyzeDomain (31ms)
			TypeCache.Refresh (10ms)
				TypeCache.ScanAssembly (1ms)
			ScanForSourceGeneratedMonoScriptInfo (14ms)
			ResolveRequiredComponents (7ms)
	FinalizeReload (2317ms)
		ReleaseScriptCaches (0ms)
		RebuildScriptCaches (0ms)
		SetupLoadedEditorAssemblies (1650ms)
			LogAssemblyErrors (0ms)
			InitializePlatformSupportModulesInManaged (35ms)
			SetLoadedEditorAssemblies (6ms)
			RefreshPlugins (0ms)
			BeforeProcessingInitializeOnLoad (120ms)
			ProcessInitializeOnLoadAttributes (1300ms)
			ProcessInitializeOnLoadMethodAttributes (166ms)
			AfterProcessingInitializeOnLoad (23ms)
			EditorAssembliesLoaded (1ms)
		ExecutionOrderSort2 (0ms)
		AwakeInstancesAfterBackupRestoration (61ms)
Refreshing native plugins compatible for Editor in 12.41 ms, found 3 plugins.
Preloading 0 native plugins for Editor in 0.00 ms.
Unloading 2686 Unused Serialized files (Serialized files now loaded: 0)
Unloading 35 unused Assets / (285.8 KB). Loaded Objects now: 3194.
Memory consumption went from 121.2 MB to 120.9 MB.
Total: 99.818500 ms (FindLiveObjects: 77.406600 ms CreateObjectMapping: 0.474500 ms MarkObjects: 21.598900 ms  DeleteObjects: 0.336800 ms)

Prepare: number of updated asset objects reloaded= 0
AssetImportParameters requested are different than current active one (requested -> active):
  custom:video-decoder-webm-vp8: 9c59270c3fd7afecdb556c50c9e8de78 -> 
  custom:SearchIndexIgnoredProperties: e643bd26f0fe6173181afceb89e7c659 -> 
  custom:container-demuxer-ogg: 62fdf1f143b41e24485cea50d1cbac27 -> 
  custom:AudioImporter_EditorPlatform: d09bf68614088b80899f8185d706f6e7 -> 
  custom:video-decoder-ogg-theora: a1e56fd34408186e4bbccfd4996cb3dc -> 
  custom:framework-win-MediaFoundation: 216162199b28c13a410421893ffa2e32 -> 
  custom:video-encoder-webm-vp8: eb34c28f22e8b96e1ab97ce403110664 -> 
  custom:audio-decoder-ogg-vorbis: bf7c407c2cedff20999df2af8eb42d56 -> 
  custom:CustomObjectIndexerAttribute: 6d391050e5a25f67b0a2c618074f2cd9 -> 
  custom:container-demuxer-webm: 4f35f7cbe854078d1ac9338744f61a02 -> 
  custom:audio-encoder-webm-vorbis: bf7c407c2cedff20999df2af8eb42d56 -> 
  custom:container-muxer-webm: aa71ff27fc2769a1b78a27578f13a17b -> 
========================================================================
Received Import Request.
  Time since last request: 372.970010 seconds.
  path: Assets/Character/Char2/Char2.prefab
  artifactKey: Guid(805ea714fe2e63f46b0f64cc7fa84b64) Importer(815301076,1909f56bfc062723c751e8b465ee728b)
Start importing Assets/Character/Char2/Char2.prefab using Guid(805ea714fe2e63f46b0f64cc7fa84b64) Importer(815301076,1909f56bfc062723c751e8b465ee728b) Refreshing native plugins compatible for Editor in 4.29 ms, found 3 plugins.
Preloading 0 native plugins for Editor in 0.00 ms.
 -> (artifact id: '47010a63b747a7de65629260973ddb6a') in 0.121075 seconds
Number of updated asset objects reloaded before import = 0
Number of asset objects unloaded after import = 43
========================================================================
Received Import Request.
  Time since last request: 5.082707 seconds.
  path: Assets/Character/Char3/Char3.prefab
  artifactKey: Guid(82bc6bcd3f9335d40af34d6e0e6ffcc9) Importer(815301076,1909f56bfc062723c751e8b465ee728b)
Start importing Assets/Character/Char3/Char3.prefab using Guid(82bc6bcd3f9335d40af34d6e0e6ffcc9) Importer(815301076,1909f56bfc062723c751e8b465ee728b) Refreshing native plugins compatible for Editor in 6.20 ms, found 3 plugins.
Preloading 0 native plugins for Editor in 0.00 ms.
 -> (artifact id: '6c20603420c1dc64b2b508c757cbbfc6') in 0.066018 seconds
Number of updated asset objects reloaded before import = 0
Number of asset objects unloaded after import = 43
========================================================================
Received Import Request.
  Time since last request: 4.805952 seconds.
  path: Assets/Character/Char4/Char4.prefab
  artifactKey: Guid(21e05c05e700eee428a22d387df22317) Importer(815301076,1909f56bfc062723c751e8b465ee728b)
Start importing Assets/Character/Char4/Char4.prefab using Guid(21e05c05e700eee428a22d387df22317) Importer(815301076,1909f56bfc062723c751e8b465ee728b) Refreshing native plugins compatible for Editor in 4.81 ms, found 3 plugins.
Preloading 0 native plugins for Editor in 0.00 ms.
 -> (artifact id: '1eecb4fffac2976402e18ecf56f1257e') in 0.102986 seconds
Number of updated asset objects reloaded before import = 0
Number of asset objects unloaded after import = 43
========================================================================
Received Import Request.
  Time since last request: 4.781790 seconds.
  path: Assets/Character/Char5/Char5.prefab
  artifactKey: Guid(5b4fc24cbef2ff74083ea1596c7f2a7a) Importer(815301076,1909f56bfc062723c751e8b465ee728b)
Start importing Assets/Character/Char5/Char5.prefab using Guid(5b4fc24cbef2ff74083ea1596c7f2a7a) Importer(815301076,1909f56bfc062723c751e8b465ee728b) Refreshing native plugins compatible for Editor in 4.91 ms, found 3 plugins.
Preloading 0 native plugins for Editor in 0.00 ms.
 -> (artifact id: '6355981f323a0a3503e4ec41b2c2a47a') in 0.103690 seconds
Number of updated asset objects reloaded before import = 0
Number of asset objects unloaded after import = 43
========================================================================
Received Import Request.
  Time since last request: 4.721191 seconds.
  path: Assets/Character/Char6/Char6.prefab
  artifactKey: Guid(e11e6c80258520245a0b3fcebd680512) Importer(815301076,1909f56bfc062723c751e8b465ee728b)
Start importing Assets/Character/Char6/Char6.prefab using Guid(e11e6c80258520245a0b3fcebd680512) Importer(815301076,1909f56bfc062723c751e8b465ee728b) Refreshing native plugins compatible for Editor in 4.59 ms, found 3 plugins.
Preloading 0 native plugins for Editor in 0.00 ms.
 -> (artifact id: 'f19cab9bbb1dd079a9c74e3ed907dc45') in 0.058962 seconds
Number of updated asset objects reloaded before import = 0
Number of asset objects unloaded after import = 43
========================================================================
Received Prepare
Begin MonoManager ReloadAssembly
- Loaded All Assemblies, in  0.712 seconds
Refreshing native plugins compatible for Editor in 3.37 ms, found 3 plugins.
Native extension for UWP target not found
Native extension for WindowsStandalone target not found
Native extension for Android target not found
Native extension for WebGL target not found
Mono: successfully reloaded assembly
- Finished resetting the current domain, in  2.083 seconds
Domain Reload Profiling: 2792ms
	BeginReloadAssembly (211ms)
		ExecutionOrderSort (0ms)
		DisableScriptedObjects (17ms)
		BackupInstance (0ms)
		ReleaseScriptingObjects (0ms)
		CreateAndSetChildDomain (46ms)
	RebuildCommonClasses (54ms)
	RebuildNativeTypeToScriptingClass (16ms)
	initialDomainReloadingComplete (34ms)
	LoadAllAssembliesAndSetupDomain (392ms)
		LoadAssemblies (487ms)
		RebuildTransferFunctionScriptingTraits (0ms)
		AnalyzeDomain (18ms)
			TypeCache.Refresh (8ms)
				TypeCache.ScanAssembly (0ms)
			ScanForSourceGeneratedMonoScriptInfo (0ms)
			ResolveRequiredComponents (9ms)
	FinalizeReload (2084ms)
		ReleaseScriptCaches (0ms)
		RebuildScriptCaches (0ms)
		SetupLoadedEditorAssemblies (1333ms)
			LogAssemblyErrors (0ms)
			InitializePlatformSupportModulesInManaged (41ms)
			SetLoadedEditorAssemblies (6ms)
			RefreshPlugins (0ms)
			BeforeProcessingInitializeOnLoad (171ms)
			ProcessInitializeOnLoadAttributes (1030ms)
			ProcessInitializeOnLoadMethodAttributes (70ms)
			AfterProcessingInitializeOnLoad (13ms)
			EditorAssembliesLoaded (0ms)
		ExecutionOrderSort2 (0ms)
		AwakeInstancesAfterBackupRestoration (20ms)
Refreshing native plugins compatible for Editor in 7.34 ms, found 3 plugins.
Preloading 0 native plugins for Editor in 0.00 ms.
Unloading 2686 Unused Serialized files (Serialized files now loaded: 0)
Unloading 35 unused Assets / (285.8 KB). Loaded Objects now: 3215.
Memory consumption went from 122.6 MB to 122.3 MB.
Total: 14.739400 ms (FindLiveObjects: 0.607500 ms CreateObjectMapping: 0.424800 ms MarkObjects: 13.210900 ms  DeleteObjects: 0.494900 ms)

Prepare: number of updated asset objects reloaded= 0
AssetImportParameters requested are different than current active one (requested -> active):
  custom:video-decoder-webm-vp8: 9c59270c3fd7afecdb556c50c9e8de78 -> 
  custom:SearchIndexIgnoredProperties: e643bd26f0fe6173181afceb89e7c659 -> 
  custom:container-demuxer-ogg: 62fdf1f143b41e24485cea50d1cbac27 -> 
  custom:AudioImporter_EditorPlatform: d09bf68614088b80899f8185d706f6e7 -> 
  custom:video-decoder-ogg-theora: a1e56fd34408186e4bbccfd4996cb3dc -> 
  custom:framework-win-MediaFoundation: 216162199b28c13a410421893ffa2e32 -> 
  custom:video-encoder-webm-vp8: eb34c28f22e8b96e1ab97ce403110664 -> 
  custom:audio-decoder-ogg-vorbis: bf7c407c2cedff20999df2af8eb42d56 -> 
  custom:CustomObjectIndexerAttribute: 6d391050e5a25f67b0a2c618074f2cd9 -> 
  custom:container-demuxer-webm: 4f35f7cbe854078d1ac9338744f61a02 -> 
  custom:audio-encoder-webm-vorbis: bf7c407c2cedff20999df2af8eb42d56 -> 
  custom:container-muxer-webm: aa71ff27fc2769a1b78a27578f13a17b -> 
========================================================================
Received Import Request.
  Time since last request: 139.280247 seconds.
  path: Assets/Laboratory/TilePalletes/Static/Lab Static Pallete.prefab
  artifactKey: Guid(b2abf5a7d99b16944a7c16f740bb464d) Importer(815301076,1909f56bfc062723c751e8b465ee728b)
Start importing Assets/Laboratory/TilePalletes/Static/Lab Static Pallete.prefab using Guid(b2abf5a7d99b16944a7c16f740bb464d) Importer(815301076,1909f56bfc062723c751e8b465ee728b)  -> (artifact id: 'e73f8d76a50d9dcf5af9b45a8a1556cb') in 1.282117 seconds
Number of updated asset objects reloaded before import = 0
Number of asset objects unloaded after import = 182
========================================================================
Received Import Request.
  Time since last request: 13.753516 seconds.
  path: Assets/Laboratory/TilePalletes/Static/Lab Static Pallete.prefab
  artifactKey: Guid(b2abf5a7d99b16944a7c16f740bb464d) Importer(815301076,1909f56bfc062723c751e8b465ee728b)
Start importing Assets/Laboratory/TilePalletes/Static/Lab Static Pallete.prefab using Guid(b2abf5a7d99b16944a7c16f740bb464d) Importer(815301076,1909f56bfc062723c751e8b465ee728b)  -> (artifact id: '3ea9442179bbeffb42fe2275757e891e') in 0.066739 seconds
Number of updated asset objects reloaded before import = 0
Number of asset objects unloaded after import = 182
========================================================================
Received Import Request.
  Time since last request: 160.840210 seconds.
  path: Assets/Laboratory/TilePalletes/Static/Lab Static Pallete.prefab
  artifactKey: Guid(b2abf5a7d99b16944a7c16f740bb464d) Importer(815301076,1909f56bfc062723c751e8b465ee728b)
Start importing Assets/Laboratory/TilePalletes/Static/Lab Static Pallete.prefab using Guid(b2abf5a7d99b16944a7c16f740bb464d) Importer(815301076,1909f56bfc062723c751e8b465ee728b)  -> (artifact id: '9fec61fc4754d3b9d80e624ae5cfc70f') in 0.064833 seconds
Number of updated asset objects reloaded before import = 0
Number of asset objects unloaded after import = 182
========================================================================
Received Import Request.
  Time since last request: 24.008402 seconds.
  path: Assets/Laboratory/TilePalletes/Static/Glass_1.asset
  artifactKey: Guid(2be909ea40552994aa3ffa533450b1af) Importer(815301076,1909f56bfc062723c751e8b465ee728b)
Start importing Assets/Laboratory/TilePalletes/Static/Glass_1.asset using Guid(2be909ea40552994aa3ffa533450b1af) Importer(815301076,1909f56bfc062723c751e8b465ee728b)  -> (artifact id: '05ead3a95caf9ddca2ba8cd5145896e4') in 0.065379 seconds
Number of updated asset objects reloaded before import = 0
Number of asset objects unloaded after import = 3
========================================================================
Received Import Request.
  Time since last request: 0.000022 seconds.
  path: Assets/Laboratory/TilePalletes/Static/Glass_5.asset
  artifactKey: Guid(2dbb52a2d724c6b4898b81f944e9b3cd) Importer(815301076,1909f56bfc062723c751e8b465ee728b)
Start importing Assets/Laboratory/TilePalletes/Static/Glass_5.asset using Guid(2dbb52a2d724c6b4898b81f944e9b3cd) Importer(815301076,1909f56bfc062723c751e8b465ee728b)  -> (artifact id: 'd3057d1941067400098d6ca1d4ed97e3') in 0.016811 seconds
Number of updated asset objects reloaded before import = 0
Number of asset objects unloaded after import = 3
========================================================================
Received Import Request.
  Time since last request: 0.000034 seconds.
  path: Assets/Laboratory/TilePalletes/Static/Glass_8.asset
  artifactKey: Guid(36515984d6f7d6c44ba36f3b06c10269) Importer(815301076,1909f56bfc062723c751e8b465ee728b)
Start importing Assets/Laboratory/TilePalletes/Static/Glass_8.asset using Guid(36515984d6f7d6c44ba36f3b06c10269) Importer(815301076,1909f56bfc062723c751e8b465ee728b)  -> (artifact id: 'a2c6fea4cfa3b8045661740cd7b376a3') in 0.016342 seconds
Number of updated asset objects reloaded before import = 0
Number of asset objects unloaded after import = 3
========================================================================
Received Import Request.
  Time since last request: 0.000022 seconds.
  path: Assets/Laboratory/TilePalletes/Static/Glass_6.asset
  artifactKey: Guid(6742a4a3b908fd8478d890583b6e8d45) Importer(815301076,1909f56bfc062723c751e8b465ee728b)
Start importing Assets/Laboratory/TilePalletes/Static/Glass_6.asset using Guid(6742a4a3b908fd8478d890583b6e8d45) Importer(815301076,1909f56bfc062723c751e8b465ee728b)  -> (artifact id: 'aba9ebff24e6a93b310dc2e1fca381e8') in 0.015606 seconds
Number of updated asset objects reloaded before import = 0
Number of asset objects unloaded after import = 3
========================================================================
Received Import Request.
  Time since last request: 0.000024 seconds.
  path: Assets/Laboratory/TilePalletes/Static/Lab Static Pallete.prefab
  artifactKey: Guid(b2abf5a7d99b16944a7c16f740bb464d) Importer(815301076,1909f56bfc062723c751e8b465ee728b)
Start importing Assets/Laboratory/TilePalletes/Static/Lab Static Pallete.prefab using Guid(b2abf5a7d99b16944a7c16f740bb464d) Importer(815301076,1909f56bfc062723c751e8b465ee728b)  -> (artifact id: '21dc0917aff7a9995bfa4193bea5f738') in 0.050536 seconds
Number of updated asset objects reloaded before import = 0
Number of asset objects unloaded after import = 182
========================================================================
Received Import Request.
  Time since last request: 2.018554 seconds.
  path: Assets/Laboratory/TilePalletes/Static/Lab Static Tiles/Glass_1.asset
  artifactKey: Guid(3fa46cb69c1c2fe438860e8debfcb753) Importer(815301076,1909f56bfc062723c751e8b465ee728b)
Start importing Assets/Laboratory/TilePalletes/Static/Lab Static Tiles/Glass_1.asset using Guid(3fa46cb69c1c2fe438860e8debfcb753) Importer(815301076,1909f56bfc062723c751e8b465ee728b)  -> (artifact id: '8f70c5a8048c59466edc3e71e705547c') in 0.007709 seconds
Number of updated asset objects reloaded before import = 0
Number of asset objects unloaded after import = 3
========================================================================
Received Import Request.
  Time since last request: 0.000034 seconds.
  path: Assets/Laboratory/TilePalletes/Static/Lab Static Tiles/Glass_2.asset
  artifactKey: Guid(987be58f58cff7141b103d4cf55d7ff1) Importer(815301076,1909f56bfc062723c751e8b465ee728b)
Start importing Assets/Laboratory/TilePalletes/Static/Lab Static Tiles/Glass_2.asset using Guid(987be58f58cff7141b103d4cf55d7ff1) Importer(815301076,1909f56bfc062723c751e8b465ee728b)  -> (artifact id: '4fa21ea9153a3c1a07a737f1defbc0c0') in 0.010281 seconds
Number of updated asset objects reloaded before import = 0
Number of asset objects unloaded after import = 3
========================================================================
Received Import Request.
  Time since last request: 0.000015 seconds.
  path: Assets/Laboratory/TilePalletes/Static/Lab Static Tiles/Glass_5.asset
  artifactKey: Guid(f529eb6d619474643b5fe7ab6d1ece3d) Importer(815301076,1909f56bfc062723c751e8b465ee728b)
Start importing Assets/Laboratory/TilePalletes/Static/Lab Static Tiles/Glass_5.asset using Guid(f529eb6d619474643b5fe7ab6d1ece3d) Importer(815301076,1909f56bfc062723c751e8b465ee728b)  -> (artifact id: '1654369424d3a48e114550854df64f9f') in 0.010768 seconds
Number of updated asset objects reloaded before import = 0
Number of asset objects unloaded after import = 3
========================================================================
Received Import Request.
  Time since last request: 0.000017 seconds.
  path: Assets/Laboratory/TilePalletes/Static/Lab Static Tiles/Glass_4.asset
  artifactKey: Guid(113ace0b28b5ca747966fce438e1735f) Importer(815301076,1909f56bfc062723c751e8b465ee728b)
Start importing Assets/Laboratory/TilePalletes/Static/Lab Static Tiles/Glass_4.asset using Guid(113ace0b28b5ca747966fce438e1735f) Importer(815301076,1909f56bfc062723c751e8b465ee728b)  -> (artifact id: '6a8bcaab86e7113dea449a514981eec9') in 0.007388 seconds
Number of updated asset objects reloaded before import = 0
Number of asset objects unloaded after import = 3
========================================================================
Received Import Request.
  Time since last request: 5.358772 seconds.
  path: Assets/Laboratory/TilePalletes/Static/Lab Static Tiles/Static sprites_35.asset
  artifactKey: Guid(50eadd499fa420247a6ff7a86a751355) Importer(815301076,1909f56bfc062723c751e8b465ee728b)
Start importing Assets/Laboratory/TilePalletes/Static/Lab Static Tiles/Static sprites_35.asset using Guid(50eadd499fa420247a6ff7a86a751355) Importer(815301076,1909f56bfc062723c751e8b465ee728b)  -> (artifact id: '003c9d4cda23c566ef0e228980190bd0') in 0.084546 seconds
Number of updated asset objects reloaded before import = 0
Number of asset objects unloaded after import = 3
========================================================================
Received Import Request.
  Time since last request: 0.000016 seconds.
  path: Assets/Laboratory/TilePalletes/Static/Lab Static Tiles/Static sprites_40.asset
  artifactKey: Guid(9acf4cdbc1021554c96d73afbf4bd66b) Importer(815301076,1909f56bfc062723c751e8b465ee728b)
Start importing Assets/Laboratory/TilePalletes/Static/Lab Static Tiles/Static sprites_40.asset using Guid(9acf4cdbc1021554c96d73afbf4bd66b) Importer(815301076,1909f56bfc062723c751e8b465ee728b)  -> (artifact id: '3622b3b6eb52cf9b193dfd7ad5a566cc') in 0.018094 seconds
Number of updated asset objects reloaded before import = 0
Number of asset objects unloaded after import = 3
========================================================================
Received Import Request.
  Time since last request: 0.000043 seconds.
  path: Assets/Laboratory/TilePalletes/Static/Lab Static Tiles/Static sprites_41.asset
  artifactKey: Guid(5af7ddf1176c0af43b6d8a86348f2bd0) Importer(815301076,1909f56bfc062723c751e8b465ee728b)
Start importing Assets/Laboratory/TilePalletes/Static/Lab Static Tiles/Static sprites_41.asset using Guid(5af7ddf1176c0af43b6d8a86348f2bd0) Importer(815301076,1909f56bfc062723c751e8b465ee728b)  -> (artifact id: '3504613a094a94b9e7d2a8b2ff246af8') in 0.013738 seconds
Number of updated asset objects reloaded before import = 0
Number of asset objects unloaded after import = 3
========================================================================
Received Import Request.
  Time since last request: 0.000019 seconds.
  path: Assets/Laboratory/TilePalletes/Static/Lab Static Tiles/Static sprites_36.asset
  artifactKey: Guid(1f907f3505d04ab44aa4680d524bb1c9) Importer(815301076,1909f56bfc062723c751e8b465ee728b)
Start importing Assets/Laboratory/TilePalletes/Static/Lab Static Tiles/Static sprites_36.asset using Guid(1f907f3505d04ab44aa4680d524bb1c9) Importer(815301076,1909f56bfc062723c751e8b465ee728b)  -> (artifact id: '5337b7e7095f7d76466a49d087c60502') in 0.014310 seconds
Number of updated asset objects reloaded before import = 0
Number of asset objects unloaded after import = 3
========================================================================
Received Prepare
Begin MonoManager ReloadAssembly
- Loaded All Assemblies, in  0.598 seconds
Refreshing native plugins compatible for Editor in 3.18 ms, found 3 plugins.
Native extension for UWP target not found
Native extension for WindowsStandalone target not found
Native extension for Android target not found
Native extension for WebGL target not found
Mono: successfully reloaded assembly
- Finished resetting the current domain, in  1.510 seconds
Domain Reload Profiling: 2104ms
	BeginReloadAssembly (206ms)
		ExecutionOrderSort (0ms)
		DisableScriptedObjects (20ms)
		BackupInstance (0ms)
		ReleaseScriptingObjects (0ms)
		CreateAndSetChildDomain (49ms)
	RebuildCommonClasses (39ms)
	RebuildNativeTypeToScriptingClass (13ms)
	initialDomainReloadingComplete (40ms)
	LoadAllAssembliesAndSetupDomain (296ms)
		LoadAssemblies (387ms)
		RebuildTransferFunctionScriptingTraits (0ms)
		AnalyzeDomain (13ms)
			TypeCache.Refresh (6ms)
				TypeCache.ScanAssembly (0ms)
			ScanForSourceGeneratedMonoScriptInfo (0ms)
			ResolveRequiredComponents (6ms)
	FinalizeReload (1511ms)
		ReleaseScriptCaches (0ms)
		RebuildScriptCaches (0ms)
		SetupLoadedEditorAssemblies (1009ms)
			LogAssemblyErrors (0ms)
			InitializePlatformSupportModulesInManaged (36ms)
			SetLoadedEditorAssemblies (8ms)
			RefreshPlugins (0ms)
			BeforeProcessingInitializeOnLoad (119ms)
			ProcessInitializeOnLoadAttributes (785ms)
			ProcessInitializeOnLoadMethodAttributes (48ms)
			AfterProcessingInitializeOnLoad (12ms)
			EditorAssembliesLoaded (0ms)
		ExecutionOrderSort2 (0ms)
		AwakeInstancesAfterBackupRestoration (21ms)
Refreshing native plugins compatible for Editor in 7.59 ms, found 3 plugins.
Preloading 0 native plugins for Editor in 0.00 ms.
Unloading 2686 Unused Serialized files (Serialized files now loaded: 0)
Unloading 35 unused Assets / (285.8 KB). Loaded Objects now: 3234.
Memory consumption went from 124.6 MB to 124.3 MB.
Total: 9.906300 ms (FindLiveObjects: 0.708600 ms CreateObjectMapping: 0.349500 ms MarkObjects: 8.560400 ms  DeleteObjects: 0.286800 ms)

Prepare: number of updated asset objects reloaded= 0
AssetImportParameters requested are different than current active one (requested -> active):
  custom:video-decoder-webm-vp8: 9c59270c3fd7afecdb556c50c9e8de78 -> 
  custom:SearchIndexIgnoredProperties: e643bd26f0fe6173181afceb89e7c659 -> 
  custom:container-demuxer-ogg: 62fdf1f143b41e24485cea50d1cbac27 -> 
  custom:AudioImporter_EditorPlatform: d09bf68614088b80899f8185d706f6e7 -> 
  custom:video-decoder-ogg-theora: a1e56fd34408186e4bbccfd4996cb3dc -> 
  custom:framework-win-MediaFoundation: 216162199b28c13a410421893ffa2e32 -> 
  custom:video-encoder-webm-vp8: eb34c28f22e8b96e1ab97ce403110664 -> 
  custom:audio-decoder-ogg-vorbis: bf7c407c2cedff20999df2af8eb42d56 -> 
  custom:CustomObjectIndexerAttribute: 6d391050e5a25f67b0a2c618074f2cd9 -> 
  custom:container-demuxer-webm: 4f35f7cbe854078d1ac9338744f61a02 -> 
  custom:audio-encoder-webm-vorbis: bf7c407c2cedff20999df2af8eb42d56 -> 
  custom:container-muxer-webm: aa71ff27fc2769a1b78a27578f13a17b -> 
